<?xml version="1.0" encoding="UTF-8"?>
<testsuite name="com.example.demo.CdAndCiApplicationTests" tests="1" skipped="0" failures="0" errors="0" timestamp="2024-07-13T00:51:26" hostname="MANUEL-PC" time="0.876">
  <properties/>
  <testcase name="contextLoads()" classname="com.example.demo.CdAndCiApplicationTests" time="0.876"/>
  <system-out><![CDATA[19:51:24.318 [Test worker] INFO org.springframework.test.context.support.AnnotationConfigContextLoaderUtils -- Could not detect default configuration classes for test class [com.example.demo.CdAndCiApplicationTests]: CdAndCiApplicationTests does not declare any static, non-private, non-final, nested classes annotated with @Configuration.
19:51:24.455 [Test worker] INFO org.springframework.boot.test.context.SpringBootTestContextBootstrapper -- Found @SpringBootConfiguration com.example.demo.CdAndCiApplication for test class com.example.demo.CdAndCiApplicationTests

  .   ____          _            __ _ _
 /\\ / ___'_ __ _ _(_)_ __  __ _ \ \ \ \
( ( )\___ | '_ | '_| | '_ \/ _` | \ \ \ \
 \\/  ___)| |_)| | | | | || (_| |  ) ) ) )
  '  |____| .__|_| |_|_| |_\__, | / / / /
 =========|_|==============|___/=/_/_/_/

 :: Spring Boot ::                (v3.3.1)

2024-07-12T19:51:24.950-05:00  INFO 10812 --- [cdAndCi] [    Test worker] c.example.demo.CdAndCiApplicationTests   : Starting CdAndCiApplicationTests using Java 17.0.11 with PID 10812 (started by manue in C:\Users\manue\Downloads\demo\demo)
2024-07-12T19:51:24.952-05:00  INFO 10812 --- [cdAndCi] [    Test worker] c.example.demo.CdAndCiApplicationTests   : No active profile set, falling back to 1 default profile: "default"
2024-07-12T19:51:26.218-05:00  INFO 10812 --- [cdAndCi] [    Test worker] c.example.demo.CdAndCiApplicationTests   : Started CdAndCiApplicationTests in 1.556 seconds (process running for 2.798)
]]></system-out>
  <system-err><![CDATA[]]></system-err>
</testsuite>
