<?xml version="1.0" encoding="UTF-8"?>
<testsuite name="com.example.demo.ControllerTest" tests="2" skipped="0" failures="0" errors="0" timestamp="2024-07-13T02:08:53" hostname="MANUEL-PC" time="1.229">
  <properties/>
  <testcase name="calculator controller test" classname="com.example.demo.ControllerTest" time="1.221"/>
  <testcase name="ping controller test" classname="com.example.demo.ControllerTest" time="0.007"/>
  <system-out><![CDATA[21:08:46.133 [Test worker] INFO org.springframework.test.context.support.AnnotationConfigContextLoaderUtils -- Could not detect default configuration classes for test class [com.example.demo.ControllerTest]: ControllerTest does not declare any static, non-private, non-final, nested classes annotated with @Configuration.
21:08:46.263 [Test worker] INFO org.springframework.boot.test.context.SpringBootTestContextBootstrapper -- Found @SpringBootConfiguration com.example.demo.CdAndCiApplication for test class com.example.demo.ControllerTest

  .   ____          _            __ _ _
 /\\ / ___'_ __ _ _(_)_ __  __ _ \ \ \ \
( ( )\___ | '_ | '_| | '_ \/ _` | \ \ \ \
 \\/  ___)| |_)| | | | | || (_| |  ) ) ) )
  '  |____| .__|_| |_|_| |_\__, | / / / /
 =========|_|==============|___/=/_/_/_/

 :: Spring Boot ::                (v3.3.1)

2024-07-12T21:08:46.686-05:00  INFO 15700 --- [cdAndCi] [    Test worker] com.example.demo.ControllerTest          : Starting ControllerTest using Java 17.0.11 with PID 15700 (started by manue in C:\Users\manue\Downloads\demo\demo)
2024-07-12T21:08:46.688-05:00  INFO 15700 --- [cdAndCi] [    Test worker] com.example.demo.ControllerTest          : No active profile set, falling back to 1 default profile: "default"
2024-07-12T21:08:47.334-05:00  INFO 15700 --- [cdAndCi] [    Test worker] .s.d.r.c.RepositoryConfigurationDelegate : Bootstrapping Spring Data JPA repositories in DEFAULT mode.
2024-07-12T21:08:47.388-05:00  INFO 15700 --- [cdAndCi] [    Test worker] .s.d.r.c.RepositoryConfigurationDelegate : Finished Spring Data repository scanning in 46 ms. Found 1 JPA repository interface.
2024-07-12T21:08:47.888-05:00  INFO 15700 --- [cdAndCi] [    Test worker] o.hibernate.jpa.internal.util.LogHelper  : HHH000204: Processing PersistenceUnitInfo [name: default]
2024-07-12T21:08:47.957-05:00  INFO 15700 --- [cdAndCi] [    Test worker] org.hibernate.Version                    : HHH000412: Hibernate ORM core version 6.5.2.Final
2024-07-12T21:08:48.002-05:00  INFO 15700 --- [cdAndCi] [    Test worker] o.h.c.internal.RegionFactoryInitiator    : HHH000026: Second-level cache disabled
2024-07-12T21:08:48.369-05:00  INFO 15700 --- [cdAndCi] [    Test worker] o.s.o.j.p.SpringPersistenceUnitInfo      : No LoadTimeWeaver setup: ignoring JPA class transformer
2024-07-12T21:08:48.407-05:00  INFO 15700 --- [cdAndCi] [    Test worker] com.zaxxer.hikari.HikariDataSource       : HikariPool-1 - Starting...
2024-07-12T21:08:50.883-05:00  INFO 15700 --- [cdAndCi] [    Test worker] com.zaxxer.hikari.pool.HikariPool        : HikariPool-1 - Added connection org.postgresql.jdbc.PgConnection@2e40fdbd
2024-07-12T21:08:50.887-05:00  INFO 15700 --- [cdAndCi] [    Test worker] com.zaxxer.hikari.HikariDataSource       : HikariPool-1 - Start completed.
2024-07-12T21:08:51.078-05:00  WARN 15700 --- [cdAndCi] [    Test worker] org.hibernate.orm.deprecation            : HHH90000025: PostgreSQLDialect does not need to be specified explicitly using 'hibernate.dialect' (remove the property setting and it will be selected by default)
2024-07-12T21:08:52.203-05:00  INFO 15700 --- [cdAndCi] [    Test worker] o.h.e.t.j.p.i.JtaPlatformInitiator       : HHH000489: No JTA platform available (set 'hibernate.transaction.jta.platform' to enable JTA platform integration)
Hibernate: drop table if exists results cascade
Hibernate: create table results (id bigint generated by default as identity, result varchar(255), primary key (id))
2024-07-12T21:08:52.662-05:00  INFO 15700 --- [cdAndCi] [    Test worker] j.LocalContainerEntityManagerFactoryBean : Initialized JPA EntityManagerFactory for persistence unit 'default'
2024-07-12T21:08:53.098-05:00  WARN 15700 --- [cdAndCi] [    Test worker] JpaBaseConfiguration$JpaWebConfiguration : spring.jpa.open-in-view is enabled by default. Therefore, database queries may be performed during view rendering. Explicitly configure spring.jpa.open-in-view to disable this warning
2024-07-12T21:08:53.557-05:00  INFO 15700 --- [cdAndCi] [    Test worker] o.s.b.t.m.w.SpringBootMockServletContext : Initializing Spring TestDispatcherServlet ''
2024-07-12T21:08:53.557-05:00  INFO 15700 --- [cdAndCi] [    Test worker] o.s.t.web.servlet.TestDispatcherServlet  : Initializing Servlet ''
2024-07-12T21:08:53.560-05:00  INFO 15700 --- [cdAndCi] [    Test worker] o.s.t.web.servlet.TestDispatcherServlet  : Completed initialization in 2 ms
2024-07-12T21:08:53.586-05:00  INFO 15700 --- [cdAndCi] [    Test worker] com.example.demo.ControllerTest          : Started ControllerTest in 7.161 seconds (process running for 8.367)
Hibernate: insert into results (result) values (?) returning id
]]></system-out>
  <system-err><![CDATA[]]></system-err>
</testsuite>
