<?xml version="1.0" encoding="UTF-8"?>
<testsuite name="com.example.demo.CdAndCiApplicationTests" tests="1" skipped="0" failures="0" errors="0" timestamp="2024-07-13T02:05:16" hostname="MANUEL-PC" time="0.494">
  <properties/>
  <testcase name="contextLoads()" classname="com.example.demo.CdAndCiApplicationTests" time="0.494"/>
  <system-out><![CDATA[21:05:08.881 [Test worker] INFO org.springframework.test.context.support.AnnotationConfigContextLoaderUtils -- Could not detect default configuration classes for test class [com.example.demo.CdAndCiApplicationTests]: CdAndCiApplicationTests does not declare any static, non-private, non-final, nested classes annotated with @Configuration.
21:05:09.039 [Test worker] INFO org.springframework.boot.test.context.SpringBootTestContextBootstrapper -- Found @SpringBootConfiguration com.example.demo.CdAndCiApplication for test class com.example.demo.CdAndCiApplicationTests

  .   ____          _            __ _ _
 /\\ / ___'_ __ _ _(_)_ __  __ _ \ \ \ \
( ( )\___ | '_ | '_| | '_ \/ _` | \ \ \ \
 \\/  ___)| |_)| | | | | || (_| |  ) ) ) )
  '  |____| .__|_| |_|_| |_\__, | / / / /
 =========|_|==============|___/=/_/_/_/

 :: Spring Boot ::                (v3.3.1)

2024-07-12T21:05:09.559-05:00  INFO 15616 --- [cdAndCi] [    Test worker] c.example.demo.CdAndCiApplicationTests   : Starting CdAndCiApplicationTests using Java 17.0.11 with PID 15616 (started by manue in C:\Users\manue\Downloads\demo\demo)
2024-07-12T21:05:09.561-05:00  INFO 15616 --- [cdAndCi] [    Test worker] c.example.demo.CdAndCiApplicationTests   : No active profile set, falling back to 1 default profile: "default"
2024-07-12T21:05:10.368-05:00  INFO 15616 --- [cdAndCi] [    Test worker] .s.d.r.c.RepositoryConfigurationDelegate : Bootstrapping Spring Data JPA repositories in DEFAULT mode.
2024-07-12T21:05:10.437-05:00  INFO 15616 --- [cdAndCi] [    Test worker] .s.d.r.c.RepositoryConfigurationDelegate : Finished Spring Data repository scanning in 57 ms. Found 1 JPA repository interface.
2024-07-12T21:05:10.918-05:00  INFO 15616 --- [cdAndCi] [    Test worker] o.hibernate.jpa.internal.util.LogHelper  : HHH000204: Processing PersistenceUnitInfo [name: default]
2024-07-12T21:05:10.984-05:00  INFO 15616 --- [cdAndCi] [    Test worker] org.hibernate.Version                    : HHH000412: Hibernate ORM core version 6.5.2.Final
2024-07-12T21:05:11.029-05:00  INFO 15616 --- [cdAndCi] [    Test worker] o.h.c.internal.RegionFactoryInitiator    : HHH000026: Second-level cache disabled
2024-07-12T21:05:11.388-05:00  INFO 15616 --- [cdAndCi] [    Test worker] o.s.o.j.p.SpringPersistenceUnitInfo      : No LoadTimeWeaver setup: ignoring JPA class transformer
2024-07-12T21:05:11.422-05:00  INFO 15616 --- [cdAndCi] [    Test worker] com.zaxxer.hikari.HikariDataSource       : HikariPool-1 - Starting...
2024-07-12T21:05:13.234-05:00  INFO 15616 --- [cdAndCi] [    Test worker] com.zaxxer.hikari.pool.HikariPool        : HikariPool-1 - Added connection org.postgresql.jdbc.PgConnection@17d816b3
2024-07-12T21:05:13.236-05:00  INFO 15616 --- [cdAndCi] [    Test worker] com.zaxxer.hikari.HikariDataSource       : HikariPool-1 - Start completed.
2024-07-12T21:05:13.443-05:00  WARN 15616 --- [cdAndCi] [    Test worker] org.hibernate.orm.deprecation            : HHH90000025: PostgreSQLDialect does not need to be specified explicitly using 'hibernate.dialect' (remove the property setting and it will be selected by default)
2024-07-12T21:05:14.691-05:00  INFO 15616 --- [cdAndCi] [    Test worker] o.h.e.t.j.p.i.JtaPlatformInitiator       : HHH000489: No JTA platform available (set 'hibernate.transaction.jta.platform' to enable JTA platform integration)
Hibernate: drop table if exists results cascade
Hibernate: create table results (id bigint generated by default as identity, result varchar(255), primary key (id))
2024-07-12T21:05:15.233-05:00  INFO 15616 --- [cdAndCi] [    Test worker] j.LocalContainerEntityManagerFactoryBean : Initialized JPA EntityManagerFactory for persistence unit 'default'
2024-07-12T21:05:15.746-05:00  WARN 15616 --- [cdAndCi] [    Test worker] JpaBaseConfiguration$JpaWebConfiguration : spring.jpa.open-in-view is enabled by default. Therefore, database queries may be performed during view rendering. Explicitly configure spring.jpa.open-in-view to disable this warning
2024-07-12T21:05:16.170-05:00  INFO 15616 --- [cdAndCi] [    Test worker] c.example.demo.CdAndCiApplicationTests   : Started CdAndCiApplicationTests in 6.897 seconds (process running for 8.348)
]]></system-out>
  <system-err><![CDATA[]]></system-err>
</testsuite>
