<?xml version="1.0" encoding="UTF-8"?>
<testsuite name="com.example.demo.ControllerTest" tests="2" skipped="0" failures="0" errors="0" timestamp="2024-07-13T00:51:27" hostname="MANUEL-PC" time="0.12">
  <properties/>
  <testcase name="calculator controller test" classname="com.example.demo.ControllerTest" time="0.113"/>
  <testcase name="ping controller test" classname="com.example.demo.ControllerTest" time="0.005"/>
  <system-out><![CDATA[2024-07-12T19:51:27.119-05:00  INFO 10812 --- [cdAndCi] [    Test worker] t.c.s.AnnotationConfigContextLoaderUtils : Could not detect default configuration classes for test class [com.example.demo.ControllerTest]: ControllerTest does not declare any static, non-private, non-final, nested classes annotated with @Configuration.
2024-07-12T19:51:27.127-05:00  INFO 10812 --- [cdAndCi] [    Test worker] .b.t.c.SpringBootTestContextBootstrapper : Found @SpringBootConfiguration com.example.demo.CdAndCiApplication for test class com.example.demo.ControllerTest

  .   ____          _            __ _ _
 /\\ / ___'_ __ _ _(_)_ __  __ _ \ \ \ \
( ( )\___ | '_ | '_| | '_ \/ _` | \ \ \ \
 \\/  ___)| |_)| | | | | || (_| |  ) ) ) )
  '  |____| .__|_| |_|_| |_\__, | / / / /
 =========|_|==============|___/=/_/_/_/

 :: Spring Boot ::                (v3.3.1)

2024-07-12T19:51:27.160-05:00  INFO 10812 --- [cdAndCi] [    Test worker] com.example.demo.ControllerTest          : Starting ControllerTest using Java 17.0.11 with PID 10812 (started by manue in C:\Users\manue\Downloads\demo\demo)
2024-07-12T19:51:27.161-05:00  INFO 10812 --- [cdAndCi] [    Test worker] com.example.demo.ControllerTest          : No active profile set, falling back to 1 default profile: "default"
2024-07-12T19:51:27.543-05:00  INFO 10812 --- [cdAndCi] [    Test worker] o.s.b.t.m.w.SpringBootMockServletContext : Initializing Spring TestDispatcherServlet ''
2024-07-12T19:51:27.544-05:00  INFO 10812 --- [cdAndCi] [    Test worker] o.s.t.web.servlet.TestDispatcherServlet  : Initializing Servlet ''
2024-07-12T19:51:27.546-05:00  INFO 10812 --- [cdAndCi] [    Test worker] o.s.t.web.servlet.TestDispatcherServlet  : Completed initialization in 1 ms
2024-07-12T19:51:27.559-05:00  INFO 10812 --- [cdAndCi] [    Test worker] com.example.demo.ControllerTest          : Started ControllerTest in 0.426 seconds (process running for 4.139)
]]></system-out>
  <system-err><![CDATA[]]></system-err>
</testsuite>
