<?xml version="1.0" encoding="UTF-8"?>
<testsuite name="com.example.demo.ControllerTest" tests="2" skipped="0" failures="0" errors="0" timestamp="2024-07-13T02:05:19" hostname="MANUEL-PC" time="0.549">
  <properties/>
  <testcase name="calculator controller test" classname="com.example.demo.ControllerTest" time="0.543"/>
  <testcase name="ping controller test" classname="com.example.demo.ControllerTest" time="0.005"/>
  <system-out><![CDATA[2024-07-12T21:05:16.690-05:00  INFO 15616 --- [cdAndCi] [    Test worker] t.c.s.AnnotationConfigContextLoaderUtils : Could not detect default configuration classes for test class [com.example.demo.ControllerTest]: ControllerTest does not declare any static, non-private, non-final, nested classes annotated with @Configuration.
2024-07-12T21:05:16.699-05:00  INFO 15616 --- [cdAndCi] [    Test worker] .b.t.c.SpringBootTestContextBootstrapper : Found @SpringBootConfiguration com.example.demo.CdAndCiApplication for test class com.example.demo.ControllerTest

  .   ____          _            __ _ _
 /\\ / ___'_ __ _ _(_)_ __  __ _ \ \ \ \
( ( )\___ | '_ | '_| | '_ \/ _` | \ \ \ \
 \\/  ___)| |_)| | | | | || (_| |  ) ) ) )
  '  |____| .__|_| |_|_| |_\__, | / / / /
 =========|_|==============|___/=/_/_/_/

 :: Spring Boot ::                (v3.3.1)

2024-07-12T21:05:16.728-05:00  INFO 15616 --- [cdAndCi] [    Test worker] com.example.demo.ControllerTest          : Starting ControllerTest using Java 17.0.11 with PID 15616 (started by manue in C:\Users\manue\Downloads\demo\demo)
2024-07-12T21:05:16.728-05:00  INFO 15616 --- [cdAndCi] [    Test worker] com.example.demo.ControllerTest          : No active profile set, falling back to 1 default profile: "default"
2024-07-12T21:05:16.894-05:00  INFO 15616 --- [cdAndCi] [    Test worker] .s.d.r.c.RepositoryConfigurationDelegate : Bootstrapping Spring Data JPA repositories in DEFAULT mode.
2024-07-12T21:05:16.903-05:00  INFO 15616 --- [cdAndCi] [    Test worker] .s.d.r.c.RepositoryConfigurationDelegate : Finished Spring Data repository scanning in 9 ms. Found 1 JPA repository interface.
2024-07-12T21:05:16.982-05:00  INFO 15616 --- [cdAndCi] [    Test worker] o.hibernate.jpa.internal.util.LogHelper  : HHH000204: Processing PersistenceUnitInfo [name: default]
2024-07-12T21:05:16.986-05:00  INFO 15616 --- [cdAndCi] [    Test worker] o.h.c.internal.RegionFactoryInitiator    : HHH000026: Second-level cache disabled
2024-07-12T21:05:16.997-05:00  INFO 15616 --- [cdAndCi] [    Test worker] o.s.o.j.p.SpringPersistenceUnitInfo      : No LoadTimeWeaver setup: ignoring JPA class transformer
2024-07-12T21:05:16.999-05:00  INFO 15616 --- [cdAndCi] [    Test worker] com.zaxxer.hikari.HikariDataSource       : HikariPool-2 - Starting...
2024-07-12T21:05:18.338-05:00  INFO 15616 --- [cdAndCi] [    Test worker] com.zaxxer.hikari.pool.HikariPool        : HikariPool-2 - Added connection org.postgresql.jdbc.PgConnection@49f32bcb
2024-07-12T21:05:18.338-05:00  INFO 15616 --- [cdAndCi] [    Test worker] com.zaxxer.hikari.HikariDataSource       : HikariPool-2 - Start completed.
2024-07-12T21:05:18.478-05:00  WARN 15616 --- [cdAndCi] [    Test worker] org.hibernate.orm.deprecation            : HHH90000025: PostgreSQLDialect does not need to be specified explicitly using 'hibernate.dialect' (remove the property setting and it will be selected by default)
2024-07-12T21:05:18.770-05:00  INFO 15616 --- [cdAndCi] [    Test worker] o.h.e.t.j.p.i.JtaPlatformInitiator       : HHH000489: No JTA platform available (set 'hibernate.transaction.jta.platform' to enable JTA platform integration)
Hibernate: drop table if exists results cascade
Hibernate: create table results (id bigint generated by default as identity, result varchar(255), primary key (id))
2024-07-12T21:05:19.112-05:00  INFO 15616 --- [cdAndCi] [    Test worker] j.LocalContainerEntityManagerFactoryBean : Initialized JPA EntityManagerFactory for persistence unit 'default'
2024-07-12T21:05:19.156-05:00  WARN 15616 --- [cdAndCi] [    Test worker] JpaBaseConfiguration$JpaWebConfiguration : spring.jpa.open-in-view is enabled by default. Therefore, database queries may be performed during view rendering. Explicitly configure spring.jpa.open-in-view to disable this warning
2024-07-12T21:05:19.267-05:00  INFO 15616 --- [cdAndCi] [    Test worker] o.s.b.t.m.w.SpringBootMockServletContext : Initializing Spring TestDispatcherServlet ''
2024-07-12T21:05:19.267-05:00  INFO 15616 --- [cdAndCi] [    Test worker] o.s.t.web.servlet.TestDispatcherServlet  : Initializing Servlet ''
2024-07-12T21:05:19.269-05:00  INFO 15616 --- [cdAndCi] [    Test worker] o.s.t.web.servlet.TestDispatcherServlet  : Completed initialization in 1 ms
2024-07-12T21:05:19.278-05:00  INFO 15616 --- [cdAndCi] [    Test worker] com.example.demo.ControllerTest          : Started ControllerTest in 2.576 seconds (process running for 11.457)
Hibernate: insert into results (result) values (?) returning id
]]></system-out>
  <system-err><![CDATA[]]></system-err>
</testsuite>
